04-30 22:17:05 com_github_MitjaNemec_PlaceFootprints.action_place_footprints 674:Plugin executed on: 'linux'
04-30 22:17:05 com_github_MitjaNemec_PlaceFootprints.action_place_footprints 675:Plugin executed with python version: '3.11.2 (main, Nov 30 2024, 21:22:50) [GCC 12.2.0]'
04-30 22:17:05 com_github_MitjaNemec_PlaceFootprints.action_place_footprints 676:KiCad build version: 9.0.1+1
04-30 22:17:05 com_github_MitjaNemec_PlaceFootprints.action_place_footprints 677:Plugin version: 4.0.1
04-30 22:17:05 com_github_MitjaNemec_PlaceFootprints.action_place_footprints 678:Frame repr: <wx._core.Frame object at 0x7f34bc719630>
04-30 22:17:05 com_github_MitjaNemec_PlaceFootprints.place_footprints 121:getting a list of all footprints on board
04-30 22:17:05 com_github_MitjaNemec_PlaceFootprints.place_footprints 156:Footprint SW7 on root level
04-30 22:17:05 com_github_MitjaNemec_PlaceFootprints.place_footprints 156:Footprint J1 on root level
04-30 22:17:05 com_github_MitjaNemec_PlaceFootprints.place_footprints 156:Footprint Q2 on root level
04-30 22:17:05 com_github_MitjaNemec_PlaceFootprints.place_footprints 156:Footprint R2 on root level
04-30 22:17:05 com_github_MitjaNemec_PlaceFootprints.place_footprints 156:Footprint R3 on root level
04-30 22:17:05 com_github_MitjaNemec_PlaceFootprints.place_footprints 156:Footprint SW2 on root level
04-30 22:17:05 com_github_MitjaNemec_PlaceFootprints.place_footprints 156:Footprint D2 on root level
04-30 22:17:05 com_github_MitjaNemec_PlaceFootprints.place_footprints 156:Footprint SW3 on root level
04-30 22:17:05 com_github_MitjaNemec_PlaceFootprints.place_footprints 156:Footprint D1 on root level
04-30 22:17:05 com_github_MitjaNemec_PlaceFootprints.place_footprints 156:Footprint U1 on root level
04-30 22:17:05 com_github_MitjaNemec_PlaceFootprints.place_footprints 156:Footprint SW4 on root level
04-30 22:17:05 com_github_MitjaNemec_PlaceFootprints.place_footprints 156:Footprint C1 on root level
04-30 22:17:05 com_github_MitjaNemec_PlaceFootprints.place_footprints 156:Footprint SW6 on root level
04-30 22:17:05 com_github_MitjaNemec_PlaceFootprints.place_footprints 156:Footprint C3 on root level
04-30 22:17:05 com_github_MitjaNemec_PlaceFootprints.place_footprints 156:Footprint C2 on root level
04-30 22:17:05 com_github_MitjaNemec_PlaceFootprints.place_footprints 156:Footprint R4 on root level
04-30 22:17:05 com_github_MitjaNemec_PlaceFootprints.place_footprints 156:Footprint SW5 on root level
04-30 22:17:05 com_github_MitjaNemec_PlaceFootprints.place_footprints 156:Footprint Q1 on root level
04-30 22:17:05 com_github_MitjaNemec_PlaceFootprints.place_footprints 156:Footprint R1 on root level
04-30 22:17:05 com_github_MitjaNemec_PlaceFootprints.place_footprints 156:Footprint U2 on root level
04-30 22:17:05 com_github_MitjaNemec_PlaceFootprints.place_footprints 156:Footprint SW1 on root level
04-30 22:17:05 com_github_MitjaNemec_PlaceFootprints.action_place_footprints 717:Reference footprint='SW1'
04-30 22:17:06 com_github_MitjaNemec_PlaceFootprints.action_place_footprints 858:Reference designator is: SW
04-30 22:17:06 com_github_MitjaNemec_PlaceFootprints.action_place_footprints 859:Reference number is: 1
04-30 22:17:06 com_github_MitjaNemec_PlaceFootprints.action_place_footprints 891:Sorted and filtered list:
['SW1', 'SW2', 'SW3', 'SW4', 'SW5', 'SW6', 'SW7']
04-30 22:17:06 com_github_MitjaNemec_PlaceFootprints.action_place_footprints 376:wx.Colour(246, 245, 244, 255)
